<?xml version="1.0" encoding="UTF-8"?>
<!-- Generated by org.testng.reporters.JUnitReportReporter -->
<testsuite hostname="DESKTOP-A1KMC22" failures="0" tests="2" name="tests.ChangeCurrencyTest" time="4.577" errors="0" timestamp="2022-10-11T22:16:24 EET" skipped="0">
  <testcase classname="tests.ChangeCurrencyTest" name="UserCanChangeCurrency" time="0.823"/>
  <system-out/>
  <testcase classname="tests.ChangeCurrencyTest" name="UserCanSearchWithAutoSugguest" time="3.754"/>
  <system-out/>
</testsuite> <!-- tests.ChangeCurrencyTest -->
