<?xml version="1.0" encoding="UTF-8"?>
<!-- Generated by org.testng.reporters.JUnitReportReporter -->
<testsuite hostname="DESKTOP-A1KMC22" failures="0" tests="3" name="tests.AddProductsToWishlistTest" time="3.623" errors="0" timestamp="2022-10-11T22:16:24 EET" skipped="0">
  <testcase classname="tests.AddProductsToWishlistTest" name="UserCanSearchWithAutoSugguest" time="1.847"/>
  <system-out/>
  <testcase classname="tests.AddProductsToWishlistTest" name="UserCanAddProductToWishlist" time="1.210"/>
  <system-out/>
  <testcase classname="tests.AddProductsToWishlistTest" name="UserCanAddRemoveProductFromCart" time="0.566"/>
  <system-out/>
</testsuite> <!-- tests.AddProductsToWishlistTest -->
