<?xml version="1.0" encoding="UTF-8"?>
<!-- Generated by org.testng.reporters.JUnitReportReporter -->
<testsuite hostname="DESKTOP-A1KMC22" failures="0" tests="3" name="tests.UserRegistertionTestwithJavaFaker" time="9.894" errors="0" timestamp="2022-10-11T22:16:24 EET" skipped="0">
  <testcase classname="tests.UserRegistertionTestwithJavaFaker" name="RegisteredUserCanLogIn" time="2.221"/>
  <system-out/>
  <testcase classname="tests.UserRegistertionTestwithJavaFaker" name="RegisteredUserCanLogout" time="0.863"/>
  <system-out/>
  <testcase classname="tests.UserRegistertionTestwithJavaFaker" name="UserCanRegisterSuccssfully" time="6.810"/>
  <system-out/>
</testsuite> <!-- tests.UserRegistertionTestwithJavaFaker -->
